[2024-11-21 18:16:11] Executing bootstrap tasks
[2024-11-21 18:16:11] OpenJDK Runtime Environment 17.0.12+7
[2024-11-21 18:16:11] Product org.eclipse.products.epp.package.java.2024-09
[2024-11-21 18:16:11] Bundle org.eclipse.oomph.setup 1.29.0.v20240723-0951, build=753, branch=f2cbf29cfb568e407c758a5a3130b2fb881526d0
[2024-11-21 18:16:11] Bundle org.eclipse.oomph.setup.core 1.31.0.v20240420-0837, build=753, branch=f2cbf29cfb568e407c758a5a3130b2fb881526d0
[2024-11-21 18:16:11] Bundle org.eclipse.oomph.setup.p2 1.21.0.v20240420-0837, build=753, branch=f2cbf29cfb568e407c758a5a3130b2fb881526d0
[2024-11-21 18:16:11] Performing P2 Director (Eclipse IDE for Java Developers (2024-09) + JRE 23.0.1)
[2024-11-21 18:16:11] Offline = false
[2024-11-21 18:16:11] Mirrors = true
[2024-11-21 18:16:11] Resolving 27 requirements from 4 repositories to C:\Users\ADMIN\eclipse\java-2024-092\eclipse
[2024-11-21 18:16:11] Requirement org.eclipse.equinox.p2.iu:org.eclipse.justj.openjdk.hotspot.jre.full.feature.group (filter=(|(&(osgi.arch=aarch64)(osgi.os=linux))(&(osgi.arch=aarch64)(osgi.os=macosx))(&(osgi.arch=aarch64)(osgi.os=win32))(&(osgi.arch=ppc64le)(osgi.os=linux))(&(osgi.arch=riscv64)(osgi.os=linux))(&(osgi.arch=x86_64)(osgi.os=linux))(&(osgi.arch=x86_64)(osgi.os=macosx))(&(osgi.arch=x86_64)(osgi.os=win32))))
[2024-11-21 18:16:11] Requirement org.eclipse.equinox.p2.iu:epp.package.java [4.33.0,5.0.0) (filter=(|(&(osgi.arch=aarch64)(osgi.os=linux)(osgi.ws=gtk))(&(osgi.arch=aarch64)(osgi.os=macosx)(osgi.ws=cocoa))(&(osgi.arch=x86_64)(osgi.os=linux)(osgi.ws=gtk))(&(osgi.arch=x86_64)(osgi.os=macosx)(osgi.ws=cocoa))(&(osgi.arch=x86_64)(osgi.os=win32)(osgi.ws=win32))))
[2024-11-21 18:16:11] Requirement org.eclipse.equinox.p2.iu:org.eclipse.platform.feature.group [4.33.0,5.0.0)
[2024-11-21 18:16:11] Requirement org.eclipse.equinox.p2.iu:org.eclipse.rcp.feature.group [4.33.0,5.0.0)
[2024-11-21 18:16:11] Requirement org.eclipse.equinox.p2.iu:org.eclipse.buildship.feature.group
[2024-11-21 18:16:11] Requirement org.eclipse.equinox.p2.iu:org.eclipse.eclemma.feature.feature.group
[2024-11-21 18:16:11] Requirement org.eclipse.equinox.p2.iu:org.eclipse.egit.feature.group
[2024-11-21 18:16:11] Requirement org.eclipse.equinox.p2.iu:org.eclipse.epp.mpc.feature.group
[2024-11-21 18:16:11] Requirement org.eclipse.equinox.p2.iu:org.eclipse.jdt.bcoview.feature.feature.group
[2024-11-21 18:16:11] Requirement org.eclipse.equinox.p2.iu:org.eclipse.jdt.feature.group
[2024-11-21 18:16:11] Requirement org.eclipse.equinox.p2.iu:org.eclipse.jgit.feature.group
[2024-11-21 18:16:11] Requirement org.eclipse.equinox.p2.iu:org.eclipse.m2e.feature.feature.group
[2024-11-21 18:16:11] Requirement org.eclipse.equinox.p2.iu:org.eclipse.m2e.lemminx.feature.feature.group
[2024-11-21 18:16:11] Requirement org.eclipse.equinox.p2.iu:org.eclipse.m2e.logback.feature.feature.group
[2024-11-21 18:16:11] Requirement org.eclipse.equinox.p2.iu:org.eclipse.mylyn.commons.activity.feature.feature.group
[2024-11-21 18:16:11] Requirement org.eclipse.equinox.p2.iu:org.eclipse.mylyn.egit.feature.feature.group
[2024-11-21 18:16:11] Requirement org.eclipse.equinox.p2.iu:org.eclipse.mylyn.git.feature.feature.group
[2024-11-21 18:16:11] Requirement org.eclipse.equinox.p2.iu:org.eclipse.mylyn.github.feature.feature.group
[2024-11-21 18:16:11] Requirement org.eclipse.equinox.p2.iu:org.eclipse.mylyn.ide.feature.feature.group
[2024-11-21 18:16:11] Requirement org.eclipse.equinox.p2.iu:org.eclipse.mylyn.jdt.feature.feature.group
[2024-11-21 18:16:11] Requirement org.eclipse.equinox.p2.iu:org.eclipse.mylyn.jenkins.feature.feature.group
[2024-11-21 18:16:11] Requirement org.eclipse.equinox.p2.iu:org.eclipse.mylyn.reviews.feature.feature.group
[2024-11-21 18:16:11] Requirement org.eclipse.equinox.p2.iu:org.eclipse.mylyn.wikitext.feature.feature.group
[2024-11-21 18:16:11] Requirement org.eclipse.equinox.p2.iu:org.eclipse.tips.feature.feature.group
[2024-11-21 18:16:11] Requirement org.eclipse.equinox.p2.iu:org.eclipse.tm.terminal.feature.feature.group
[2024-11-21 18:16:11] Requirement org.eclipse.equinox.p2.iu:org.eclipse.wildwebdeveloper.xml.feature.feature.group
[2024-11-21 18:16:11] Requirement org.eclipse.equinox.p2.iu:org.eclipse.oomph.setup.feature.group
[2024-11-21 18:16:11] Repository https://download.eclipse.org/justj/jres/23/updates/release/latest
[2024-11-21 18:16:11] Repository https://download.eclipse.org/technology/epp/packages/2024-09/202409051200
[2024-11-21 18:16:11] Repository https://download.eclipse.org/releases/2024-09/202409111000
[2024-11-21 18:16:11] Repository https://download.eclipse.org/oomph/updates/milestone/latest
[2024-11-21 18:16:21] Calculating requirements and dependencies.
[2024-11-21 18:16:23] Computing prerequisite plan
[2024-11-21 18:16:29] Collecting 2 artifacts from https://download.eclipse.org/releases/2024-09/202409111000
[2024-11-21 18:16:30] Collected 2 artifacts for https://download.eclipse.org/releases/2024-09/202409111000 in 1.678s
[2024-11-21 18:16:30] Collecting 1 artifacts from https://download.eclipse.org/technology/epp/packages/2024-09/202409051200
[2024-11-21 18:16:30] Collected 1 artifacts for https://download.eclipse.org/technology/epp/packages/2024-09/202409051200 in 0s
[2024-11-21 18:16:30] Collecting 3 artifacts from https://download.eclipse.org/justj/jres/23/updates/release/latest
[2024-11-21 18:16:32] Fetching org.eclipse.justj.openjdk.hotspot.jre.full_23.0.1.v20241024-1700.jar from https://ftp.yz.yamagata-u.ac.jp/pub/eclipse/justj/jres/23/updates/release/23.0.1/plugins/ (21.57kB)
[2024-11-21 18:16:32] Fetching org.eclipse.justj.openjdk.hotspot.jre.full_23.0.1.v20241024-1700.jar from https://mirror.kakao.com/eclipse/justj/jres/23/updates/release/23.0.1/features/ (24.77kB)
[2024-11-21 18:16:33] Fetching org.eclipse.justj.openjdk.hotspot.jre.full.win32.x86_64_23.0.1.v20241024-1700.jar from https://mirror.umd.edu/eclipse/justj/jres/23/updates/release/23.0.1/plugins/ (132.18MB)
[2024-11-21 18:16:34] Fetching org.eclipse.justj.openjdk.hotspot.jre.full.win32.x86_64_23.0.1.v20241024-1700.jar from https://mirror.umd.edu/eclipse/justj/jres/23/updates/release/23.0.1/plugins/
[2024-11-21 18:31:48] Fetching org.eclipse.justj.openjdk.hotspot.jre.full.win32.x86_64_23.0.1.v20241024-1700.jar from https://mirror.umd.edu/eclipse/justj/jres/23/updates/release/23.0.1/plugins/ (132.18MB)
[2024-11-21 18:31:51] Fetching org.eclipse.justj.openjdk.hotspot.jre.full.win32.x86_64_23.0.1.v20241024-1700.jar from https://0ms.dev/mirrors/eclipse//justj/jres/23/updates/release/23.0.1/plugins/ (132.18MB)
[2024-11-21 18:31:52] Fetching org.eclipse.justj.openjdk.hotspot.jre.full.win32.x86_64_23.0.1.v20241024-1700.jar from https://0ms.dev/mirrors/eclipse//justj/jres/23/updates/release/23.0.1/plugins/
[2024-11-21 18:31:57] Mirrored 1 artifacts from https://ftp.yz.yamagata-u.ac.jp/pub/eclipse/justj/jres/23/updates/release/23.0.1/ at 36kb/s
[2024-11-21 18:31:57] Mirrored 1 artifacts from https://mirror.kakao.com/eclipse/justj/jres/23/updates/release/23.0.1/ at 35kb/s
[2024-11-21 18:31:57] Mirrored 1 artifacts from https://0ms.dev/mirrors/eclipse//justj/jres/23/updates/release/23.0.1/ at 0kb/s with 1 failures
[2024-11-21 18:31:57] Mirrored 1 artifacts from https://mirror.umd.edu/eclipse/justj/jres/23/updates/release/23.0.1/ at 0kb/s with 1 failures
[2024-11-21 18:31:57] Collected 3 artifacts for https://download.eclipse.org/justj/jres/23/updates/release/latest in 926.974s
[2024-11-21 18:31:57] The engine operation was cancelled and the changes are being rolled back.
[2024-11-21 18:31:57] 
[2024-11-21 18:32:31] Executing bootstrap tasks
[2024-11-21 18:32:31] OpenJDK Runtime Environment 17.0.12+7
[2024-11-21 18:32:31] Product org.eclipse.products.epp.package.java.2024-09
[2024-11-21 18:32:31] Bundle org.eclipse.oomph.setup 1.29.0.v20240723-0951, build=753, branch=f2cbf29cfb568e407c758a5a3130b2fb881526d0
[2024-11-21 18:32:31] Bundle org.eclipse.oomph.setup.core 1.31.0.v20240420-0837, build=753, branch=f2cbf29cfb568e407c758a5a3130b2fb881526d0
[2024-11-21 18:32:31] Bundle org.eclipse.oomph.setup.p2 1.21.0.v20240420-0837, build=753, branch=f2cbf29cfb568e407c758a5a3130b2fb881526d0
[2024-11-21 18:32:31] Performing P2 Director (Eclipse IDE for Java Developers (2024-09) + JRE 21.0.5)
[2024-11-21 18:32:31] Offline = false
[2024-11-21 18:32:31] Mirrors = true
[2024-11-21 18:32:31] Resolving 27 requirements from 4 repositories to C:\Users\ADMIN\eclipse\java-2024-092\eclipse
[2024-11-21 18:32:31] Requirement org.eclipse.equinox.p2.iu:org.eclipse.justj.openjdk.hotspot.jre.full.feature.group (filter=(|(&(osgi.arch=aarch64)(osgi.os=linux))(&(osgi.arch=aarch64)(osgi.os=macosx))(&(osgi.arch=aarch64)(osgi.os=win32))(&(osgi.arch=ppc64le)(osgi.os=linux))(&(osgi.arch=riscv64)(osgi.os=linux))(&(osgi.arch=x86_64)(osgi.os=linux))(&(osgi.arch=x86_64)(osgi.os=macosx))(&(osgi.arch=x86_64)(osgi.os=win32))))
[2024-11-21 18:32:31] Requirement org.eclipse.equinox.p2.iu:epp.package.java [4.33.0,5.0.0) (filter=(|(&(osgi.arch=aarch64)(osgi.os=linux)(osgi.ws=gtk))(&(osgi.arch=aarch64)(osgi.os=macosx)(osgi.ws=cocoa))(&(osgi.arch=x86_64)(osgi.os=linux)(osgi.ws=gtk))(&(osgi.arch=x86_64)(osgi.os=macosx)(osgi.ws=cocoa))(&(osgi.arch=x86_64)(osgi.os=win32)(osgi.ws=win32))))
[2024-11-21 18:32:31] Requirement org.eclipse.equinox.p2.iu:org.eclipse.platform.feature.group [4.33.0,5.0.0)
[2024-11-21 18:32:31] Requirement org.eclipse.equinox.p2.iu:org.eclipse.rcp.feature.group [4.33.0,5.0.0)
[2024-11-21 18:32:31] Requirement org.eclipse.equinox.p2.iu:org.eclipse.buildship.feature.group
[2024-11-21 18:32:31] Requirement org.eclipse.equinox.p2.iu:org.eclipse.eclemma.feature.feature.group
[2024-11-21 18:32:31] Requirement org.eclipse.equinox.p2.iu:org.eclipse.egit.feature.group
[2024-11-21 18:32:31] Requirement org.eclipse.equinox.p2.iu:org.eclipse.epp.mpc.feature.group
[2024-11-21 18:32:31] Requirement org.eclipse.equinox.p2.iu:org.eclipse.jdt.bcoview.feature.feature.group
[2024-11-21 18:32:31] Requirement org.eclipse.equinox.p2.iu:org.eclipse.jdt.feature.group
[2024-11-21 18:32:31] Requirement org.eclipse.equinox.p2.iu:org.eclipse.jgit.feature.group
[2024-11-21 18:32:31] Requirement org.eclipse.equinox.p2.iu:org.eclipse.m2e.feature.feature.group
[2024-11-21 18:32:31] Requirement org.eclipse.equinox.p2.iu:org.eclipse.m2e.lemminx.feature.feature.group
[2024-11-21 18:32:31] Requirement org.eclipse.equinox.p2.iu:org.eclipse.m2e.logback.feature.feature.group
[2024-11-21 18:32:31] Requirement org.eclipse.equinox.p2.iu:org.eclipse.mylyn.commons.activity.feature.feature.group
[2024-11-21 18:32:31] Requirement org.eclipse.equinox.p2.iu:org.eclipse.mylyn.egit.feature.feature.group
[2024-11-21 18:32:31] Requirement org.eclipse.equinox.p2.iu:org.eclipse.mylyn.git.feature.feature.group
[2024-11-21 18:32:31] Requirement org.eclipse.equinox.p2.iu:org.eclipse.mylyn.github.feature.feature.group
[2024-11-21 18:32:31] Requirement org.eclipse.equinox.p2.iu:org.eclipse.mylyn.ide.feature.feature.group
[2024-11-21 18:32:31] Requirement org.eclipse.equinox.p2.iu:org.eclipse.mylyn.jdt.feature.feature.group
[2024-11-21 18:32:31] Requirement org.eclipse.equinox.p2.iu:org.eclipse.mylyn.jenkins.feature.feature.group
[2024-11-21 18:32:31] Requirement org.eclipse.equinox.p2.iu:org.eclipse.mylyn.reviews.feature.feature.group
[2024-11-21 18:32:31] Requirement org.eclipse.equinox.p2.iu:org.eclipse.mylyn.wikitext.feature.feature.group
[2024-11-21 18:32:31] Requirement org.eclipse.equinox.p2.iu:org.eclipse.tips.feature.feature.group
[2024-11-21 18:32:31] Requirement org.eclipse.equinox.p2.iu:org.eclipse.tm.terminal.feature.feature.group
[2024-11-21 18:32:31] Requirement org.eclipse.equinox.p2.iu:org.eclipse.wildwebdeveloper.xml.feature.feature.group
[2024-11-21 18:32:31] Requirement org.eclipse.equinox.p2.iu:org.eclipse.oomph.setup.feature.group
[2024-11-21 18:32:31] Repository https://download.eclipse.org/justj/jres/21/updates/release/latest
[2024-11-21 18:32:31] Repository https://download.eclipse.org/technology/epp/packages/2024-09/202409051200
[2024-11-21 18:32:31] Repository https://download.eclipse.org/releases/2024-09/202409111000
[2024-11-21 18:32:31] Repository https://download.eclipse.org/oomph/updates/milestone/latest
[2024-11-21 18:32:39] 
[2024-11-21 18:33:37] Executing bootstrap tasks
[2024-11-21 18:33:37] OpenJDK Runtime Environment 17.0.12+7
[2024-11-21 18:33:37] Product org.eclipse.products.epp.package.java.2024-09
[2024-11-21 18:33:37] Bundle org.eclipse.oomph.setup 1.29.0.v20240723-0951, build=753, branch=f2cbf29cfb568e407c758a5a3130b2fb881526d0
[2024-11-21 18:33:37] Bundle org.eclipse.oomph.setup.core 1.31.0.v20240420-0837, build=753, branch=f2cbf29cfb568e407c758a5a3130b2fb881526d0
[2024-11-21 18:33:37] Bundle org.eclipse.oomph.setup.p2 1.21.0.v20240420-0837, build=753, branch=f2cbf29cfb568e407c758a5a3130b2fb881526d0
[2024-11-21 18:33:37] Performing P2 Director (Eclipse IDE for Java Developers (2024-09) + JRE 21.0.5)
[2024-11-21 18:33:37] Offline = false
[2024-11-21 18:33:37] Mirrors = true
[2024-11-21 18:33:37] Resolving 27 requirements from 4 repositories to C:\Users\ADMIN\eclipse\java-2024-092\eclipse
[2024-11-21 18:33:37] Requirement org.eclipse.equinox.p2.iu:org.eclipse.justj.openjdk.hotspot.jre.full.feature.group (filter=(|(&(osgi.arch=aarch64)(osgi.os=linux))(&(osgi.arch=aarch64)(osgi.os=macosx))(&(osgi.arch=aarch64)(osgi.os=win32))(&(osgi.arch=ppc64le)(osgi.os=linux))(&(osgi.arch=riscv64)(osgi.os=linux))(&(osgi.arch=x86_64)(osgi.os=linux))(&(osgi.arch=x86_64)(osgi.os=macosx))(&(osgi.arch=x86_64)(osgi.os=win32))))
[2024-11-21 18:33:37] Requirement org.eclipse.equinox.p2.iu:epp.package.java [4.33.0,5.0.0) (filter=(|(&(osgi.arch=aarch64)(osgi.os=linux)(osgi.ws=gtk))(&(osgi.arch=aarch64)(osgi.os=macosx)(osgi.ws=cocoa))(&(osgi.arch=x86_64)(osgi.os=linux)(osgi.ws=gtk))(&(osgi.arch=x86_64)(osgi.os=macosx)(osgi.ws=cocoa))(&(osgi.arch=x86_64)(osgi.os=win32)(osgi.ws=win32))))
[2024-11-21 18:33:37] Requirement org.eclipse.equinox.p2.iu:org.eclipse.platform.feature.group [4.33.0,5.0.0)
[2024-11-21 18:33:37] Requirement org.eclipse.equinox.p2.iu:org.eclipse.rcp.feature.group [4.33.0,5.0.0)
[2024-11-21 18:33:37] Requirement org.eclipse.equinox.p2.iu:org.eclipse.buildship.feature.group
[2024-11-21 18:33:37] Requirement org.eclipse.equinox.p2.iu:org.eclipse.eclemma.feature.feature.group
[2024-11-21 18:33:37] Requirement org.eclipse.equinox.p2.iu:org.eclipse.egit.feature.group
[2024-11-21 18:33:37] Requirement org.eclipse.equinox.p2.iu:org.eclipse.epp.mpc.feature.group
[2024-11-21 18:33:37] Requirement org.eclipse.equinox.p2.iu:org.eclipse.jdt.bcoview.feature.feature.group
[2024-11-21 18:33:37] Requirement org.eclipse.equinox.p2.iu:org.eclipse.jdt.feature.group
[2024-11-21 18:33:37] Requirement org.eclipse.equinox.p2.iu:org.eclipse.jgit.feature.group
[2024-11-21 18:33:37] Requirement org.eclipse.equinox.p2.iu:org.eclipse.m2e.feature.feature.group
[2024-11-21 18:33:37] Requirement org.eclipse.equinox.p2.iu:org.eclipse.m2e.lemminx.feature.feature.group
[2024-11-21 18:33:37] Requirement org.eclipse.equinox.p2.iu:org.eclipse.m2e.logback.feature.feature.group
[2024-11-21 18:33:37] Requirement org.eclipse.equinox.p2.iu:org.eclipse.mylyn.commons.activity.feature.feature.group
[2024-11-21 18:33:37] Requirement org.eclipse.equinox.p2.iu:org.eclipse.mylyn.egit.feature.feature.group
[2024-11-21 18:33:37] Requirement org.eclipse.equinox.p2.iu:org.eclipse.mylyn.git.feature.feature.group
[2024-11-21 18:33:37] Requirement org.eclipse.equinox.p2.iu:org.eclipse.mylyn.github.feature.feature.group
[2024-11-21 18:33:37] Requirement org.eclipse.equinox.p2.iu:org.eclipse.mylyn.ide.feature.feature.group
[2024-11-21 18:33:37] Requirement org.eclipse.equinox.p2.iu:org.eclipse.mylyn.jdt.feature.feature.group
[2024-11-21 18:33:37] Requirement org.eclipse.equinox.p2.iu:org.eclipse.mylyn.jenkins.feature.feature.group
[2024-11-21 18:33:37] Requirement org.eclipse.equinox.p2.iu:org.eclipse.mylyn.reviews.feature.feature.group
[2024-11-21 18:33:37] Requirement org.eclipse.equinox.p2.iu:org.eclipse.mylyn.wikitext.feature.feature.group
[2024-11-21 18:33:37] Requirement org.eclipse.equinox.p2.iu:org.eclipse.tips.feature.feature.group
[2024-11-21 18:33:37] Requirement org.eclipse.equinox.p2.iu:org.eclipse.tm.terminal.feature.feature.group
[2024-11-21 18:33:37] Requirement org.eclipse.equinox.p2.iu:org.eclipse.wildwebdeveloper.xml.feature.feature.group
[2024-11-21 18:33:37] Requirement org.eclipse.equinox.p2.iu:org.eclipse.oomph.setup.feature.group
[2024-11-21 18:33:37] Repository https://download.eclipse.org/justj/jres/21/updates/release/latest
[2024-11-21 18:33:37] Repository https://download.eclipse.org/technology/epp/packages/2024-09/202409051200
[2024-11-21 18:33:37] Repository https://download.eclipse.org/releases/2024-09/202409111000
[2024-11-21 18:33:37] Repository https://download.eclipse.org/oomph/updates/milestone/latest
[2024-11-21 18:33:39] Calculating requirements and dependencies.
[2024-11-21 18:33:40] Computing prerequisite plan
[2024-11-21 18:33:51] Collecting 2 artifacts from https://download.eclipse.org/releases/2024-09/202409111000
[2024-11-21 18:33:52] Collected 2 artifacts for https://download.eclipse.org/releases/2024-09/202409111000 in 1.059s
[2024-11-21 18:33:52] Collecting 1 artifacts from https://download.eclipse.org/technology/epp/packages/2024-09/202409051200
[2024-11-21 18:33:52] Collected 1 artifacts for https://download.eclipse.org/technology/epp/packages/2024-09/202409051200 in 0s
[2024-11-21 18:33:52] Collecting 3 artifacts from https://download.eclipse.org/justj/jres/21/updates/release/latest
[2024-11-21 18:33:53] Fetching org.eclipse.justj.openjdk.hotspot.jre.full_21.0.5.v20241023-1957.jar from https://ftp.yz.yamagata-u.ac.jp/pub/eclipse/justj/jres/21/updates/release/21.0.5/features/ (24.74kB)
[2024-11-21 18:33:54] Fetching org.eclipse.justj.openjdk.hotspot.jre.full_21.0.5.v20241023-1957.jar from https://mirror.kakao.com/eclipse/justj/jres/21/updates/release/21.0.5/plugins/ (21.36kB)
[2024-11-21 18:33:54] Fetching org.eclipse.justj.openjdk.hotspot.jre.full.win32.x86_64_21.0.5.v20241023-1957.jar from https://mirror.umd.edu/eclipse/justj/jres/21/updates/release/21.0.5/plugins/ (128.34MB)
[2024-11-21 18:33:55] Fetching org.eclipse.justj.openjdk.hotspot.jre.full.win32.x86_64_21.0.5.v20241023-1957.jar from https://mirror.umd.edu/eclipse/justj/jres/21/updates/release/21.0.5/plugins/
[2024-11-21 18:44:00] Fetching org.eclipse.justj.openjdk.hotspot.jre.full.win32.x86_64_21.0.5.v20241023-1957.jar from https://mirror.umd.edu/eclipse/justj/jres/21/updates/release/21.0.5/plugins/ (128.34MB)
[2024-11-21 18:44:02] Fetching org.eclipse.justj.openjdk.hotspot.jre.full.win32.x86_64_21.0.5.v20241023-1957.jar from https://0ms.dev/mirrors/eclipse//justj/jres/21/updates/release/21.0.5/plugins/ (128.34MB)
[2024-11-21 18:44:03] Fetching org.eclipse.justj.openjdk.hotspot.jre.full.win32.x86_64_21.0.5.v20241023-1957.jar from https://0ms.dev/mirrors/eclipse//justj/jres/21/updates/release/21.0.5/plugins/
[2024-11-21 18:44:06] An error was detected while performing the engine operation and the changes are being rolled back. See the log for details.
[2024-11-21 18:44:06] java.lang.IllegalStateException: Attempt to access stopped agent: org.eclipse.equinox.internal.p2.core.ProvisioningAgent@58b75fd6
  at org.eclipse.equinox.internal.p2.core.ProvisioningAgent.checkRunning(ProvisioningAgent.java:87)
  at org.eclipse.equinox.internal.p2.core.ProvisioningAgent.getService(ProvisioningAgent.java:51)
  at org.eclipse.equinox.internal.p2.engine.SimpleProfileRegistry.ignoreExistingProfile(SimpleProfileRegistry.java:313)
  at org.eclipse.equinox.internal.p2.engine.SimpleProfileRegistry.internalGetProfile(SimpleProfileRegistry.java:266)
  at org.eclipse.equinox.internal.p2.engine.SimpleProfileRegistry.getProfile(SimpleProfileRegistry.java:192)
  at org.eclipse.oomph.p2.internal.core.AgentImpl.getCurrentProfile(AgentImpl.java:411)
  at org.eclipse.oomph.setup.p2.impl.P2TaskImpl.perform(P2TaskImpl.java:955)
  at org.eclipse.oomph.setup.internal.core.SetupTaskPerformer.doPerformNeededSetupTasks(SetupTaskPerformer.java:3864)
  at org.eclipse.oomph.setup.internal.core.SetupTaskPerformer.performNeededSetupTasks(SetupTaskPerformer.java:3792)
  at org.eclipse.oomph.setup.internal.core.SetupTaskPerformer.performTriggeredSetupTasks(SetupTaskPerformer.java:3773)
  at org.eclipse.oomph.setup.internal.core.SetupTaskPerformer.perform(SetupTaskPerformer.java:3651)
  at org.eclipse.oomph.setup.internal.installer.SimpleVariablePage.installPerform(SimpleVariablePage.java:1353)
  at org.eclipse.oomph.setup.internal.installer.SimpleVariablePage$20.run(SimpleVariablePage.java:1165)

[2024-11-21 18:44:06] 
